# JRE version: OpenJDK Runtime Environment (21.0.9) (build 21.0.9+-14649483-b1163.86)
# Java VM: OpenJDK 64-Bit Server VM (21.0.9+-14649483-b1163.86, mixed mode, tiered, compressed oops, compressed class ptrs, g1 gc, windows-amd64)
GC Precious Log:
 CardTable entry size: 512
 Card Set container configuration: InlinePtr #cards 5 size 8 Array Of Cards #cards 12 size 40 Howl #buckets 4 coarsen threshold 1843 Howl Bitmap #cards 512 size 80 coarsen threshold 460 Card regions per heap region 1 cards per card region 2048
 CPUs: 12 total, 12 available
 Memory: 16016M
 Large Page Support: Disabled
 NUMA Support: Disabled
 Compressed Oops: Enabled (32-bit)
 Heap Region Size: 1M
 Heap Min Capacity: 8M
 Heap Initial Capacity: 252M
 Heap Max Capacity: 2G
 Pre-touch: Disabled
 Parallel Workers: 10
 Concurrent Workers: 3
 Concurrent Refinement Workers: 10
 Periodic GC: Disabled
Heap:
 garbage-first heap   total 140288K, used 68672K [0x0000000080000000, 0x0000000100000000)
  region size 1024K, 1 young (1024K), 1 survivors (1024K)
 Metaspace       used 64251K, committed 65728K, reserved 1114112K
  class space    used 9079K, committed 9792K, reserved 1048576K
GC Heap History (20 events):
Event: 5.988 GC heap after
{Heap after GC invocations=11 (full 0):
 garbage-first heap   total 97280K, used 56411K [0x0000000080000000, 0x0000000100000000)
  region size 1024K, 3 young (3072K), 3 survivors (3072K)
 Metaspace       used 45418K, committed 46272K, reserved 1114112K
  class space    used 6375K, committed 6784K, reserved 1048576K
}
Event: 6.450 GC heap before
{Heap before GC invocations=12 (full 0):
 garbage-first heap   total 97280K, used 85083K [0x0000000080000000, 0x0000000100000000)
  region size 1024K, 31 young (31744K), 3 survivors (3072K)
 Metaspace       used 49310K, committed 50240K, reserved 1114112K
  class space    used 6860K, committed 7296K, reserved 1048576K
}
Event: 6.453 GC heap after
{Heap after GC invocations=13 (full 0):
 garbage-first heap   total 97280K, used 58632K [0x0000000080000000, 0x0000000100000000)
  region size 1024K, 4 young (4096K), 4 survivors (4096K)
 Metaspace       used 49310K, committed 50240K, reserved 1114112K
  class space    used 6860K, committed 7296K, reserved 1048576K
}
Event: 6.928 GC heap before
{Heap before GC invocations=13 (full 0):
 garbage-first heap   total 97280K, used 86280K [0x0000000080000000, 0x0000000100000000)
  region size 1024K, 32 young (32768K), 4 survivors (4096K)
 Metaspace       used 54366K, committed 55360K, reserved 1114112K
  class space    used 7531K, committed 8000K, reserved 1048576K
}
Event: 6.933 GC heap after
{Heap after GC invocations=14 (full 0):
 garbage-first heap   total 97280K, used 61649K [0x0000000080000000, 0x0000000100000000)
  region size 1024K, 4 young (4096K), 4 survivors (4096K)
 Metaspace       used 54366K, committed 55360K, reserved 1114112K
  class space    used 7531K, committed 8000K, reserved 1048576K
}
Event: 6.953 GC heap before
{Heap before GC invocations=14 (full 0):
 garbage-first heap   total 97280K, used 63697K [0x0000000080000000, 0x0000000100000000)
  region size 1024K, 8 young (8192K), 4 survivors (4096K)
 Metaspace       used 54503K, committed 55488K, reserved 1114112K
  class space    used 7542K, committed 8000K, reserved 1048576K
}
Event: 6.955 GC heap after
{Heap after GC invocations=15 (full 0):
 garbage-first heap   total 97280K, used 62840K [0x0000000080000000, 0x0000000100000000)
  region size 1024K, 2 young (2048K), 2 survivors (2048K)
 Metaspace       used 54503K, committed 55488K, reserved 1114112K
  class space    used 7542K, committed 8000K, reserved 1048576K
}
Event: 7.171 GC heap before
{Heap before GC invocations=16 (full 0):
 garbage-first heap   total 116736K, used 91512K [0x0000000080000000, 0x0000000100000000)
  region size 1024K, 25 young (25600K), 2 survivors (2048K)
 Metaspace       used 55519K, committed 56640K, reserved 1114112K
  class space    used 7597K, committed 8128K, reserved 1048576K
}
Event: 7.173 GC heap after
{Heap after GC invocations=17 (full 0):
 garbage-first heap   total 140288K, used 62984K [0x0000000080000000, 0x0000000100000000)
  region size 1024K, 2 young (2048K), 2 survivors (2048K)
 Metaspace       used 55519K, committed 56640K, reserved 1114112K
  class space    used 7597K, committed 8128K, reserved 1048576K
}
Event: 10.950 GC heap before
{Heap before GC invocations=17 (full 0):
 garbage-first heap   total 140288K, used 121352K [0x0000000080000000, 0x0000000100000000)
  region size 1024K, 60 young (61440K), 2 survivors (2048K)
 Metaspace       used 62192K, committed 63680K, reserved 1114112K
  class space    used 8717K, committed 9408K, reserved 1048576K
}
Event: 10.953 GC heap after
{Heap after GC invocations=18 (full 0):
 garbage-first heap   total 140288K, used 65762K [0x0000000080000000, 0x0000000100000000)
  region size 1024K, 5 young (5120K), 5 survivors (5120K)
 Metaspace       used 62192K, committed 63680K, reserved 1114112K
  class space    used 8717K, committed 9408K, reserved 1048576K
}
Event: 11.184 GC heap before
{Heap before GC invocations=18 (full 0):
 garbage-first heap   total 140288K, used 99554K [0x0000000080000000, 0x0000000100000000)
  region size 1024K, 40 young (40960K), 5 survivors (5120K)
 Metaspace       used 64187K, committed 65728K, reserved 1114112K
  class space    used 9062K, committed 9792K, reserved 1048576K
}
Event: 12.189 GC heap after
{Heap after GC invocations=19 (full 0):
 garbage-first heap   total 140288K, used 67690K [0x0000000080000000, 0x0000000100000000)
  region size 1024K, 6 young (6144K), 6 survivors (6144K)
 Metaspace       used 64187K, committed 65728K, reserved 1114112K
  class space    used 9062K, committed 9792K, reserved 1048576K
}
Event: 12.190 GC heap before
{Heap before GC invocations=19 (full 0):
 garbage-first heap   total 140288K, used 68714K [0x0000000080000000, 0x0000000100000000)
  region size 1024K, 7 young (7168K), 6 survivors (6144K)
 Metaspace       used 64197K, committed 65728K, reserved 1114112K
  class space    used 9064K, committed 9792K, reserved 1048576K
}
Event: 12.194 GC heap after
{Heap after GC invocations=20 (full 0):
 garbage-first heap   total 140288K, used 68881K [0x0000000080000000, 0x0000000100000000)
  region size 1024K, 1 young (1024K), 1 survivors (1024K)
 Metaspace       used 64197K, committed 65728K, reserved 1114112K
  class space    used 9064K, committed 9792K, reserved 1048576K
}
Event: 12.208 GC heap before
{Heap before GC invocations=20 (full 0):
 garbage-first heap   total 140288K, used 72977K [0x0000000080000000, 0x0000000100000000)
  region size 1024K, 6 young (6144K), 1 survivors (1024K)
 Metaspace       used 64247K, committed 65728K, reserved 1114112K
  class space    used 9075K, committed 9792K, reserved 1048576K
}
Event: 12.209 GC heap after
{Heap after GC invocations=21 (full 0):
 garbage-first heap   total 140288K, used 68622K [0x0000000080000000, 0x0000000100000000)
  region size 1024K, 1 young (1024K), 1 survivors (1024K)
 Metaspace       used 64247K, committed 65728K, reserved 1114112K
  class space    used 9075K, committed 9792K, reserved 1048576K
}
Event: 12.230 GC heap before
{Heap before GC invocations=22 (full 0):
 garbage-first heap   total 140288K, used 73742K [0x0000000080000000, 0x0000000100000000)
  region size 1024K, 6 young (6144K), 1 survivors (1024K)
 Metaspace       used 64251K, committed 65728K, reserved 1114112K
  class space    used 9079K, committed 9792K, reserved 1048576K
}
Event: 12.231 GC heap after
{Heap after GC invocations=23 (full 0):
 garbage-first heap   total 140288K, used 68646K [0x0000000080000000, 0x0000000100000000)
  region size 1024K, 1 young (1024K), 1 survivors (1024K)
 Metaspace       used 64251K, committed 65728K, reserved 1114112K
  class space    used 9079K, committed 9792K, reserved 1048576K
}
Event: 12.239 GC heap before
{Heap before GC invocations=23 (full 0):
 garbage-first heap   total 140288K, used 73766K [0x0000000080000000, 0x0000000100000000)
  region size 1024K, 6 young (6144K), 1 survivors (1024K)
 Metaspace       used 64251K, committed 65728K, reserved 1114112K
  class space    used 9079K, committed 9792K, reserved 1048576K
}

