# JRE version: OpenJDK Runtime Environment (21.0.9) (build 21.0.9+-14649483-b1163.86)
# Java VM: OpenJDK 64-Bit Server VM (21.0.9+-14649483-b1163.86, mixed mode, tiered, compressed oops, compressed class ptrs, g1 gc, windows-amd64)
GC Precious Log:
 CardTable entry size: 512
 Card Set container configuration: InlinePtr #cards 5 size 8 Array Of Cards #cards 12 size 40 Howl #buckets 4 coarsen threshold 1843 Howl Bitmap #cards 512 size 80 coarsen threshold 460 Card regions per heap region 1 cards per card region 2048
 CPUs: 12 total, 12 available
 Memory: 16016M
 Large Page Support: Disabled
 NUMA Support: Disabled
 Compressed Oops: Enabled (32-bit)
 Heap Region Size: 1M
 Heap Min Capacity: 8M
 Heap Initial Capacity: 252M
 Heap Max Capacity: 2G
 Pre-touch: Disabled
 Parallel Workers: 10
 Concurrent Workers: 3
 Concurrent Refinement Workers: 10
 Periodic GC: Disabled
Heap:
 garbage-first heap   total 283648K, used 189917K [0x0000000080000000, 0x0000000100000000)
  region size 1024K, 27 young (27648K), 6 survivors (6144K)
 Metaspace       used 141250K, committed 143616K, reserved 1179648K
  class space    used 19032K, committed 20224K, reserved 1048576K
GC Heap History (20 events):
Event: 21.512 GC heap before
{Heap before GC invocations=50 (full 0):
 garbage-first heap   total 249856K, used 196548K [0x0000000080000000, 0x0000000100000000)
  region size 1024K, 74 young (75776K), 10 survivors (10240K)
 Metaspace       used 100342K, committed 102336K, reserved 1179648K
  class space    used 14088K, committed 15104K, reserved 1048576K
}
Event: 21.516 GC heap after
{Heap after GC invocations=51 (full 0):
 garbage-first heap   total 249856K, used 135110K [0x0000000080000000, 0x0000000100000000)
  region size 1024K, 8 young (8192K), 8 survivors (8192K)
 Metaspace       used 100342K, committed 102336K, reserved 1179648K
  class space    used 14088K, committed 15104K, reserved 1048576K
}
Event: 22.144 GC heap before
{Heap before GC invocations=52 (full 0):
 garbage-first heap   total 249856K, used 212934K [0x0000000080000000, 0x0000000100000000)
  region size 1024K, 82 young (83968K), 8 survivors (8192K)
 Metaspace       used 110577K, committed 112640K, reserved 1179648K
  class space    used 15492K, committed 16512K, reserved 1048576K
}
Event: 22.149 GC heap after
{Heap after GC invocations=53 (full 0):
 garbage-first heap   total 249856K, used 139034K [0x0000000080000000, 0x0000000100000000)
  region size 1024K, 7 young (7168K), 7 survivors (7168K)
 Metaspace       used 110577K, committed 112640K, reserved 1179648K
  class space    used 15492K, committed 16512K, reserved 1048576K
}
Event: 22.938 GC heap before
{Heap before GC invocations=53 (full 0):
 garbage-first heap   total 249856K, used 220954K [0x0000000080000000, 0x0000000100000000)
  region size 1024K, 83 young (84992K), 7 survivors (7168K)
 Metaspace       used 117782K, committed 119872K, reserved 1179648K
  class space    used 16280K, committed 17280K, reserved 1048576K
}
Event: 22.945 GC heap after
{Heap after GC invocations=54 (full 0):
 garbage-first heap   total 249856K, used 143663K [0x0000000080000000, 0x0000000100000000)
  region size 1024K, 11 young (11264K), 11 survivors (11264K)
 Metaspace       used 117782K, committed 119872K, reserved 1179648K
  class space    used 16280K, committed 17280K, reserved 1048576K
}
Event: 24.687 GC heap before
{Heap before GC invocations=54 (full 0):
 garbage-first heap   total 249856K, used 219439K [0x0000000080000000, 0x0000000100000000)
  region size 1024K, 86 young (88064K), 11 survivors (11264K)
 Metaspace       used 117789K, committed 119872K, reserved 1179648K
  class space    used 16281K, committed 17280K, reserved 1048576K
}
Event: 24.693 GC heap after
{Heap after GC invocations=55 (full 0):
 garbage-first heap   total 249856K, used 146465K [0x0000000080000000, 0x0000000100000000)
  region size 1024K, 9 young (9216K), 9 survivors (9216K)
 Metaspace       used 117789K, committed 119872K, reserved 1179648K
  class space    used 16281K, committed 17280K, reserved 1048576K
}
Event: 25.289 GC heap before
{Heap before GC invocations=56 (full 0):
 garbage-first heap   total 249856K, used 221217K [0x0000000080000000, 0x0000000100000000)
  region size 1024K, 85 young (87040K), 9 survivors (9216K)
 Metaspace       used 119794K, committed 121984K, reserved 1179648K
  class space    used 16541K, committed 17600K, reserved 1048576K
}
Event: 25.294 GC heap after
{Heap after GC invocations=57 (full 0):
 garbage-first heap   total 249856K, used 148513K [0x0000000080000000, 0x0000000100000000)
  region size 1024K, 7 young (7168K), 7 survivors (7168K)
 Metaspace       used 119794K, committed 121984K, reserved 1179648K
  class space    used 16541K, committed 17600K, reserved 1048576K
}
Event: 46.536 GC heap before
{Heap before GC invocations=57 (full 0):
 garbage-first heap   total 249856K, used 226337K [0x0000000080000000, 0x0000000100000000)
  region size 1024K, 84 young (86016K), 7 survivors (7168K)
 Metaspace       used 127641K, committed 129792K, reserved 1179648K
  class space    used 17551K, committed 18560K, reserved 1048576K
}
Event: 46.544 GC heap after
{Heap after GC invocations=58 (full 0):
 garbage-first heap   total 249856K, used 154053K [0x0000000080000000, 0x0000000100000000)
  region size 1024K, 11 young (11264K), 11 survivors (11264K)
 Metaspace       used 127641K, committed 129792K, reserved 1179648K
  class space    used 17551K, committed 18560K, reserved 1048576K
}
Event: 250.146 GC heap before
{Heap before GC invocations=58 (full 0):
 garbage-first heap   total 249856K, used 227781K [0x0000000080000000, 0x0000000100000000)
  region size 1024K, 84 young (86016K), 11 survivors (11264K)
 Metaspace       used 130977K, committed 133248K, reserved 1179648K
  class space    used 17926K, committed 19072K, reserved 1048576K
}
Event: 250.164 GC heap after
{Heap after GC invocations=59 (full 0):
 garbage-first heap   total 249856K, used 157138K [0x0000000080000000, 0x0000000100000000)
  region size 1024K, 4 young (4096K), 4 survivors (4096K)
 Metaspace       used 130977K, committed 133248K, reserved 1179648K
  class space    used 17926K, committed 19072K, reserved 1048576K
}
Event: 253.167 GC heap before
{Heap before GC invocations=60 (full 0):
 garbage-first heap   total 261120K, used 231890K [0x0000000080000000, 0x0000000100000000)
  region size 1024K, 77 young (78848K), 4 survivors (4096K)
 Metaspace       used 135871K, committed 138112K, reserved 1179648K
  class space    used 18459K, committed 19584K, reserved 1048576K
}
Event: 253.173 GC heap after
{Heap after GC invocations=61 (full 0):
 garbage-first heap   total 261120K, used 162345K [0x0000000080000000, 0x0000000100000000)
  region size 1024K, 10 young (10240K), 10 survivors (10240K)
 Metaspace       used 135871K, committed 138112K, reserved 1179648K
  class space    used 18459K, committed 19584K, reserved 1048576K
}
Event: 255.452 GC heap before
{Heap before GC invocations=61 (full 0):
 garbage-first heap   total 261120K, used 240169K [0x0000000080000000, 0x0000000100000000)
  region size 1024K, 87 young (89088K), 10 survivors (10240K)
 Metaspace       used 138281K, committed 140544K, reserved 1179648K
  class space    used 18703K, committed 19840K, reserved 1048576K
}
Event: 255.483 GC heap after
{Heap after GC invocations=62 (full 0):
 garbage-first heap   total 261120K, used 163840K [0x0000000080000000, 0x0000000100000000)
  region size 1024K, 7 young (7168K), 7 survivors (7168K)
 Metaspace       used 138281K, committed 140544K, reserved 1179648K
  class space    used 18703K, committed 19840K, reserved 1048576K
}
Event: 301.863 GC heap before
{Heap before GC invocations=62 (full 0):
 garbage-first heap   total 261120K, used 240640K [0x0000000080000000, 0x0000000100000000)
  region size 1024K, 83 young (84992K), 7 survivors (7168K)
 Metaspace       used 140866K, committed 143232K, reserved 1179648K
  class space    used 19010K, committed 20224K, reserved 1048576K
}
Event: 301.870 GC heap after
{Heap after GC invocations=63 (full 0):
 garbage-first heap   total 261120K, used 169437K [0x0000000080000000, 0x0000000100000000)
  region size 1024K, 6 young (6144K), 6 survivors (6144K)
 Metaspace       used 140866K, committed 143232K, reserved 1179648K
  class space    used 19010K, committed 20224K, reserved 1048576K
}

