# JRE version: OpenJDK Runtime Environment (21.0.9) (build 21.0.9+-14649483-b1163.86)
# Java VM: OpenJDK 64-Bit Server VM (21.0.9+-14649483-b1163.86, mixed mode, tiered, compressed oops, compressed class ptrs, g1 gc, windows-amd64)
GC Precious Log:
 CardTable entry size: 512
 Card Set container configuration: InlinePtr #cards 4 size 8 Array Of Cards #cards 16 size 48 Howl #buckets 8 coarsen threshold 3686 Howl Bitmap #cards 512 size 80 coarsen threshold 460 Card regions per heap region 1 cards per card region 4096
 CPUs: 12 total, 12 available
 Memory: 16016M
 Large Page Support: Disabled
 NUMA Support: Disabled
 Compressed Oops: Enabled (Zero based)
 Heap Region Size: 2M
 Heap Min Capacity: 8M
 Heap Initial Capacity: 252M
 Heap Max Capacity: 4G
 Pre-touch: Disabled
 Parallel Workers: 10
 Concurrent Workers: 3
 Concurrent Refinement Workers: 10
 Periodic GC: Disabled
Heap:
 garbage-first heap   total 595968K, used 300732K [0x0000000700000000, 0x0000000800000000)
  region size 2048K, 14 young (28672K), 14 survivors (28672K)
 Metaspace       used 148873K, committed 151360K, reserved 1179648K
  class space    used 20665K, committed 21888K, reserved 1048576K
GC Heap History (20 events):
Event: 44.486 GC heap after
{Heap after GC invocations=57 (full 0):
 garbage-first heap   total 454656K, used 226396K [0x0000000700000000, 0x0000000800000000)
  region size 2048K, 5 young (10240K), 5 survivors (10240K)
 Metaspace       used 146661K, committed 149120K, reserved 1179648K
  class space    used 20365K, committed 21568K, reserved 1048576K
}
Event: 44.885 GC heap before
{Heap before GC invocations=57 (full 0):
 garbage-first heap   total 454656K, used 427100K [0x0000000700000000, 0x0000000800000000)
  region size 2048K, 103 young (210944K), 5 survivors (10240K)
 Metaspace       used 147565K, committed 150080K, reserved 1179648K
  class space    used 20489K, committed 21696K, reserved 1048576K
}
Event: 44.890 GC heap after
{Heap after GC invocations=58 (full 0):
 garbage-first heap   total 546816K, used 224706K [0x0000000700000000, 0x0000000800000000)
  region size 2048K, 4 young (8192K), 4 survivors (8192K)
 Metaspace       used 147565K, committed 150080K, reserved 1179648K
  class space    used 20489K, committed 21696K, reserved 1048576K
}
Event: 45.613 GC heap before
{Heap before GC invocations=59 (full 0):
 garbage-first heap   total 546816K, used 515522K [0x0000000700000000, 0x0000000800000000)
  region size 2048K, 146 young (299008K), 4 survivors (8192K)
 Metaspace       used 147588K, committed 150080K, reserved 1179648K
  class space    used 20491K, committed 21696K, reserved 1048576K
}
Event: 45.619 GC heap after
{Heap after GC invocations=60 (full 0):
 garbage-first heap   total 546816K, used 225995K [0x0000000700000000, 0x0000000800000000)
  region size 2048K, 5 young (10240K), 5 survivors (10240K)
 Metaspace       used 147588K, committed 150080K, reserved 1179648K
  class space    used 20491K, committed 21696K, reserved 1048576K
}
Event: 46.170 GC heap before
{Heap before GC invocations=60 (full 0):
 garbage-first heap   total 546816K, used 514763K [0x0000000700000000, 0x0000000800000000)
  region size 2048K, 146 young (299008K), 5 survivors (10240K)
 Metaspace       used 147666K, committed 150144K, reserved 1179648K
  class space    used 20495K, committed 21696K, reserved 1048576K
}
Event: 46.176 GC heap after
{Heap after GC invocations=61 (full 0):
 garbage-first heap   total 546816K, used 221512K [0x0000000700000000, 0x0000000800000000)
  region size 2048K, 5 young (10240K), 5 survivors (10240K)
 Metaspace       used 147666K, committed 150144K, reserved 1179648K
  class space    used 20495K, committed 21696K, reserved 1048576K
}
Event: 46.787 GC heap before
{Heap before GC invocations=61 (full 0):
 garbage-first heap   total 546816K, used 516424K [0x0000000700000000, 0x0000000800000000)
  region size 2048K, 149 young (305152K), 5 survivors (10240K)
 Metaspace       used 148351K, committed 150848K, reserved 1179648K
  class space    used 20605K, committed 21824K, reserved 1048576K
}
Event: 46.794 GC heap after
{Heap after GC invocations=62 (full 0):
 garbage-first heap   total 546816K, used 226036K [0x0000000700000000, 0x0000000800000000)
  region size 2048K, 7 young (14336K), 7 survivors (14336K)
 Metaspace       used 148351K, committed 150848K, reserved 1179648K
  class space    used 20605K, committed 21824K, reserved 1048576K
}
Event: 47.246 GC heap before
{Heap before GC invocations=63 (full 0):
 garbage-first heap   total 546816K, used 516852K [0x0000000700000000, 0x0000000800000000)
  region size 2048K, 149 young (305152K), 7 survivors (14336K)
 Metaspace       used 148439K, committed 150912K, reserved 1179648K
  class space    used 20606K, committed 21824K, reserved 1048576K
}
Event: 47.258 GC heap after
{Heap after GC invocations=64 (full 0):
 garbage-first heap   total 546816K, used 236725K [0x0000000700000000, 0x0000000800000000)
  region size 2048K, 13 young (26624K), 13 survivors (26624K)
 Metaspace       used 148439K, committed 150912K, reserved 1179648K
  class space    used 20606K, committed 21824K, reserved 1048576K
}
Event: 47.515 GC heap before
{Heap before GC invocations=64 (full 0):
 garbage-first heap   total 546816K, used 513205K [0x0000000700000000, 0x0000000800000000)
  region size 2048K, 149 young (305152K), 13 survivors (26624K)
 Metaspace       used 148662K, committed 151104K, reserved 1179648K
  class space    used 20651K, committed 21824K, reserved 1048576K
}
Event: 47.530 GC heap after
{Heap after GC invocations=65 (full 0):
 garbage-first heap   total 561152K, used 242837K [0x0000000700000000, 0x0000000800000000)
  region size 2048K, 17 young (34816K), 17 survivors (34816K)
 Metaspace       used 148662K, committed 151104K, reserved 1179648K
  class space    used 20651K, committed 21824K, reserved 1048576K
}
Event: 47.803 GC heap before
{Heap before GC invocations=65 (full 0):
 garbage-first heap   total 561152K, used 525461K [0x0000000700000000, 0x0000000800000000)
  region size 2048K, 156 young (319488K), 17 survivors (34816K)
 Metaspace       used 148776K, committed 151296K, reserved 1179648K
  class space    used 20662K, committed 21888K, reserved 1048576K
}
Event: 47.820 GC heap after
{Heap after GC invocations=66 (full 0):
 garbage-first heap   total 585728K, used 265211K [0x0000000700000000, 0x0000000800000000)
  region size 2048K, 20 young (40960K), 20 survivors (40960K)
 Metaspace       used 148776K, committed 151296K, reserved 1179648K
  class space    used 20662K, committed 21888K, reserved 1048576K
}
Event: 48.098 GC heap before
{Heap before GC invocations=67 (full 0):
 garbage-first heap   total 585728K, used 537595K [0x0000000700000000, 0x0000000800000000)
  region size 2048K, 153 young (313344K), 20 survivors (40960K)
 Metaspace       used 148798K, committed 151296K, reserved 1179648K
  class space    used 20660K, committed 21888K, reserved 1048576K
}
Event: 48.116 GC heap after
{Heap after GC invocations=68 (full 0):
 garbage-first heap   total 595968K, used 281284K [0x0000000700000000, 0x0000000800000000)
  region size 2048K, 11 young (22528K), 11 survivors (22528K)
 Metaspace       used 148798K, committed 151296K, reserved 1179648K
  class space    used 20660K, committed 21888K, reserved 1048576K
}
Event: 48.286 GC heap before
{Heap before GC invocations=68 (full 0):
 garbage-first heap   total 595968K, used 547524K [0x0000000700000000, 0x0000000800000000)
  region size 2048K, 141 young (288768K), 11 survivors (22528K)
 Metaspace       used 148833K, committed 151296K, reserved 1179648K
  class space    used 20663K, committed 21888K, reserved 1048576K
}
Event: 48.299 GC heap after
{Heap after GC invocations=69 (full 0):
 garbage-first heap   total 595968K, used 287596K [0x0000000700000000, 0x0000000800000000)
  region size 2048K, 16 young (32768K), 16 survivors (32768K)
 Metaspace       used 148833K, committed 151296K, reserved 1179648K
  class space    used 20663K, committed 21888K, reserved 1048576K
}
Event: 48.499 GC heap before
{Heap before GC invocations=69 (full 0):
 garbage-first heap   total 595968K, used 547692K [0x0000000700000000, 0x0000000800000000)
  region size 2048K, 144 young (294912K), 16 survivors (32768K)
 Metaspace       used 148873K, committed 151360K, reserved 1179648K
  class space    used 20665K, committed 21888K, reserved 1048576K
}

