# JRE version: Java(TM) SE Runtime Environment (25.0.2+10) (build 25.0.2+10-LTS-69)
# Java VM: Java HotSpot(TM) 64-Bit Server VM (25.0.2+10-LTS-69, mixed mode, sharing, tiered, compressed oops, compressed class ptrs, g1 gc, windows-amd64)
GC Precious Log:
 CardTable entry size: 512
 Card Set container configuration: InlinePtr #cards 5 size 8 Array Of Cards #cards 10 size 36 Howl #buckets 4 coarsen threshold 1843 Howl Bitmap #cards 512 size 80 coarsen threshold 460 Card regions per heap region 1 cards per card region 2048
 CPUs: 12 total, 12 available
 Memory: 16016M
 Large Page Support: Disabled
 NUMA Support: Disabled
 Compressed Oops: Enabled (32-bit)
 Heap Region Size: 1M
 Heap Min Capacity: 8M
 Heap Initial Capacity: 252M
 Heap Max Capacity: 2G
 Pre-touch: Disabled
 Parallel Workers: 10
 Concurrent Workers: 3
 Concurrent Refinement Workers: 10
 Periodic GC: Disabled
Heap:
 garbage-first heap   total reserved 2097152K, committed 131072K, used 113078K [0x0000000080000000, 0x0000000100000000)
  region size 1024K, 60 young (61440K), 4 survivors (4096K)
GC Heap Usage History (20 events):
Event: 1.901 {heap Before GC invocations=1 (full 0):
 garbage-first heap   total reserved 2097152K, committed 260096K, used 120157K [0x0000000080000000, 0x0000000100000000)
  region size 1024K, 110 young (112640K), 6 survivors (6144K)
}
Event: 1.908 {heap After GC invocations=2 (full 0):
 garbage-first heap   total reserved 2097152K, committed 260096K, used 21219K [0x0000000080000000, 0x0000000100000000)
  region size 1024K, 14 young (14336K), 14 survivors (14336K)
}
Event: 2.471 {heap Before GC invocations=2 (full 0):
 garbage-first heap   total reserved 2097152K, committed 260096K, used 64227K [0x0000000080000000, 0x0000000100000000)
  region size 1024K, 57 young (58368K), 14 survivors (14336K)
}
Event: 2.480 {heap After GC invocations=3 (full 0):
 garbage-first heap   total reserved 2097152K, committed 260096K, used 25012K [0x0000000080000000, 0x0000000100000000)
  region size 1024K, 12 young (12288K), 12 survivors (12288K)
}
Event: 3.116 {heap Before GC invocations=4 (full 0):
 garbage-first heap   total reserved 2097152K, committed 89088K, used 87476K [0x0000000080000000, 0x0000000100000000)
  region size 1024K, 73 young (74752K), 12 survivors (12288K)
}
Event: 3.125 {heap After GC invocations=5 (full 0):
 garbage-first heap   total reserved 2097152K, committed 108544K, used 32032K [0x0000000080000000, 0x0000000100000000)
  region size 1024K, 10 young (10240K), 10 survivors (10240K)
}
Event: 3.502 {heap Before GC invocations=5 (full 0):
 garbage-first heap   total reserved 2097152K, committed 108544K, used 85280K [0x0000000080000000, 0x0000000100000000)
  region size 1024K, 57 young (58368K), 10 survivors (10240K)
}
Event: 3.508 {heap After GC invocations=6 (full 0):
 garbage-first heap   total reserved 2097152K, committed 108544K, used 34154K [0x0000000080000000, 0x0000000100000000)
  region size 1024K, 4 young (4096K), 4 survivors (4096K)
}
Event: 3.567 {heap Before GC invocations=6 (full 0):
 garbage-first heap   total reserved 2097152K, committed 108544K, used 40298K [0x0000000080000000, 0x0000000100000000)
  region size 1024K, 11 young (11264K), 4 survivors (4096K)
}
Event: 3.570 {heap After GC invocations=7 (full 0):
 garbage-first heap   total reserved 2097152K, committed 108544K, used 34335K [0x0000000080000000, 0x0000000100000000)
  region size 1024K, 4 young (4096K), 4 survivors (4096K)
}
Event: 3.927 {heap Before GC invocations=8 (full 0):
 garbage-first heap   total reserved 2097152K, committed 108544K, used 87583K [0x0000000080000000, 0x0000000100000000)
  region size 1024K, 56 young (57344K), 4 survivors (4096K)
}
Event: 3.931 {heap After GC invocations=9 (full 0):
 garbage-first heap   total reserved 2097152K, committed 108544K, used 37619K [0x0000000080000000, 0x0000000100000000)
  region size 1024K, 4 young (4096K), 4 survivors (4096K)
}
Event: 4.485 {heap Before GC invocations=9 (full 0):
 garbage-first heap   total reserved 2097152K, committed 108544K, used 90867K [0x0000000080000000, 0x0000000100000000)
  region size 1024K, 55 young (56320K), 4 survivors (4096K)
}
Event: 4.489 {heap After GC invocations=10 (full 0):
 garbage-first heap   total reserved 2097152K, committed 108544K, used 40521K [0x0000000080000000, 0x0000000100000000)
  region size 1024K, 7 young (7168K), 7 survivors (7168K)
}
Event: 5.207 {heap Before GC invocations=10 (full 0):
 garbage-first heap   total reserved 2097152K, committed 108544K, used 91721K [0x0000000080000000, 0x0000000100000000)
  region size 1024K, 57 young (58368K), 7 survivors (7168K)
}
Event: 5.213 {heap After GC invocations=11 (full 0):
 garbage-first heap   total reserved 2097152K, committed 108544K, used 44575K [0x0000000080000000, 0x0000000100000000)
  region size 1024K, 7 young (7168K), 7 survivors (7168K)
}
Event: 5.654 {heap Before GC invocations=11 (full 0):
 garbage-first heap   total reserved 2097152K, committed 108544K, used 92703K [0x0000000080000000, 0x0000000100000000)
  region size 1024K, 55 young (56320K), 7 survivors (7168K)
}
Event: 5.659 {heap After GC invocations=12 (full 0):
 garbage-first heap   total reserved 2097152K, committed 108544K, used 48995K [0x0000000080000000, 0x0000000100000000)
  region size 1024K, 5 young (5120K), 5 survivors (5120K)
}
Event: 5.979 {heap Before GC invocations=12 (full 0):
 garbage-first heap   total reserved 2097152K, committed 108544K, used 94051K [0x0000000080000000, 0x0000000100000000)
  region size 1024K, 50 young (51200K), 5 survivors (5120K)
}
Event: 5.983 {heap After GC invocations=13 (full 0):
 garbage-first heap   total reserved 2097152K, committed 131072K, used 50614K [0x0000000080000000, 0x0000000100000000)
  region size 1024K, 4 young (4096K), 4 survivors (4096K)
}

